<?xml version="1.0" encoding="UTF-8"?>
<testsuite xmlns:xsi="http://www.w3.org/2001/XMLSchema-instance" xsi:noNamespaceSchemaLocation="https://maven.apache.org/surefire/maven-surefire-plugin/xsd/surefire-test-report-3.0.xsd" version="3.0" name="com.ragchat.RagChatStorageApplicationTests" time="2.942" tests="1" errors="0" skipped="0" failures="0">
  <properties>
[...]
</properties>
  <testcase name="contextLoads" classname="com.ragchat.RagChatStorageApplicationTests" time="0.278">
    <system-out><![CDATA[02:40:52.509 [main] INFO org.springframework.test.context.support.AnnotationConfigContextLoaderUtils -- Could not detect default configuration classes for test class [com.ragchat.RagChatStorageApplicationTests]: RagChatStorageApplicationTests does not declare any static, non-private, non-final, nested classes annotated with @Configuration.
02:40:52.572 [main] INFO org.springframework.boot.test.context.SpringBootTestContextBootstrapper -- Found @SpringBootConfiguration com.ragchat.RagChatStorageApplication for test class com.ragchat.RagChatStorageApplicationTests

  .   ____          _            __ _ _
 /\\ / ___'_ __ _ _(_)_ __  __ _ \ \ \ \
( ( )\___ | '_ | '_| | '_ \/ _` | \ \ \ \
 \\/  ___)| |_)| | | | | || (_| |  ) ) ) )
  '  |____| .__|_| |_|_| |_\__, | / / / /
 =========|_|==============|___/=/_/_/_/
 :: Spring Boot ::                (v3.2.0)

2025-12-12 02:40:52 [main] INFO  c.r.RagChatStorageApplicationTests - Starting RagChatStorageApplicationTests using Java 25.0.1 with PID 16677 (started by aiham in /Users/aiham/Desktop/Java Projects/RAGChatMicroservice)
2025-12-12 02:40:52 [main] DEBUG c.r.RagChatStorageApplicationTests - Running with Spring Boot v3.2.0, Spring v6.1.1
2025-12-12 02:40:52 [main] INFO  c.r.RagChatStorageApplicationTests - The following 1 profile is active: "test"
2025-12-12 02:40:53 [main] INFO  o.s.d.r.c.RepositoryConfigurationDelegate - Bootstrapping Spring Data JPA repositories in LAZY mode.
2025-12-12 02:40:53 [main] INFO  o.s.d.r.c.RepositoryConfigurationDelegate - Finished Spring Data repository scanning in 26 ms. Found 2 JPA repository interfaces.
2025-12-12 02:40:53 [task-1] INFO  o.h.jpa.internal.util.LogHelper - HHH000204: Processing PersistenceUnitInfo [name: default]
2025-12-12 02:40:53 [task-1] INFO  org.hibernate.Version - HHH000412: Hibernate ORM core version 6.3.1.Final
2025-12-12 02:40:53 [task-1] INFO  o.h.c.i.RegionFactoryInitiator - HHH000026: Second-level cache disabled
2025-12-12 02:40:54 [main] WARN  o.s.b.a.s.s.UserDetailsServiceAutoConfiguration - 

Using generated security password: ead0a0ad-aa95-4f0d-8fa0-07628ca0cff0

This generated password is for development use only. Your security configuration must be updated before running your application in production.

2025-12-12 02:40:54 [task-1] INFO  o.s.o.j.p.SpringPersistenceUnitInfo - No LoadTimeWeaver setup: ignoring JPA class transformer
2025-12-12 02:40:54 [task-1] INFO  com.zaxxer.hikari.HikariDataSource - HikariPool-1 - Starting...
2025-12-12 02:40:54 [task-1] INFO  com.zaxxer.hikari.pool.HikariPool - HikariPool-1 - Added connection conn0: url=jdbc:h2:mem:testdb user=SA
2025-12-12 02:40:54 [task-1] INFO  com.zaxxer.hikari.HikariDataSource - HikariPool-1 - Start completed.
2025-12-12 02:40:54 [main] INFO  o.s.b.a.e.web.EndpointLinksResolver - Exposing 3 endpoint(s) beneath base path '/actuator'
2025-12-12 02:40:54 [main] INFO  o.s.s.web.DefaultSecurityFilterChain - Will secure any request with [org.springframework.security.web.session.DisableEncodeUrlFilter@2bc59ab7, org.springframework.security.web.context.request.async.WebAsyncManagerIntegrationFilter@410f53b2, org.springframework.security.web.context.SecurityContextHolderFilter@52eca410, org.springframework.security.web.header.HeaderWriterFilter@300aa927, org.springframework.security.web.authentication.logout.LogoutFilter@65da4a5d, com.ragchat.filter.RateLimitingFilter@53cb0bcb, com.ragchat.filter.ApiKeyAuthFilter@203b953c, org.springframework.security.web.savedrequest.RequestCacheAwareFilter@1626bddf, org.springframework.security.web.servletapi.SecurityContextHolderAwareRequestFilter@6d0a14c2, org.springframework.security.web.authentication.AnonymousAuthenticationFilter@265287ec, org.springframework.security.web.session.SessionManagementFilter@75add13c, org.springframework.security.web.access.ExceptionTranslationFilter@20a946d9, org.springframework.security.web.access.intercept.AuthorizationFilter@6b86826a]
2025-12-12 02:40:54 [task-1] INFO  o.h.e.t.j.p.i.JtaPlatformInitiator - HHH000489: No JTA platform available (set 'hibernate.transaction.jta.platform' to enable JTA platform integration)
Hibernate: 
    drop table if exists chat_messages cascade 
Hibernate: 
    drop table if exists chat_sessions cascade 
Hibernate: 
    create table chat_messages (
        created_at timestamp(6) not null,
        id uuid not null,
        session_id uuid not null,
        content TEXT not null,
        context TEXT,
        sender varchar(255) not null check (sender in ('USER','ASSISTANT')),
        primary key (id)
    )
Hibernate: 
    create table chat_sessions (
        is_favorite boolean not null,
        created_at timestamp(6) not null,
        updated_at timestamp(6) not null,
        id uuid not null,
        title varchar(255) not null,
        user_id varchar(255) not null,
        primary key (id)
    )
Hibernate: 
    alter table if exists chat_messages 
       add constraint FK3cpkdtwdxndrjhrx3gt9q5ux9 
       foreign key (session_id) 
       references chat_sessions
2025-12-12 02:40:54 [task-1] INFO  o.s.o.j.LocalContainerEntityManagerFactoryBean - Initialized JPA EntityManagerFactory for persistence unit 'default'
2025-12-12 02:40:54 [main] INFO  c.r.RagChatStorageApplicationTests - Started RagChatStorageApplicationTests in 2.335 seconds (process running for 2.913)
]]></system-out>
    <system-err><![CDATA[WARNING: A Java agent has been loaded dynamically (/Users/aiham/.m2/repository/net/bytebuddy/byte-buddy-agent/1.14.10/byte-buddy-agent-1.14.10.jar)
WARNING: If a serviceability tool is in use, please run with -XX:+EnableDynamicAgentLoading to hide this warning
WARNING: If a serviceability tool is not in use, please run with -Djdk.instrument.traceUsage for more information
WARNING: Dynamic loading of agents will be disallowed by default in a future release
]]></system-err>
  </testcase>
</testsuite>