<?xml version="1.0" encoding="UTF-8"?>
<testsuite xmlns:xsi="http://www.w3.org/2001/XMLSchema-instance" xsi:noNamespaceSchemaLocation="https://maven.apache.org/surefire/maven-surefire-plugin/xsd/surefire-test-report-3.0.xsd" version="3.0" name="com.ragchat.service.ChatSessionServiceTest" time="0.025" tests="10" errors="0" skipped="0" failures="0">
  <properties>
[...]
</properties>
  <testcase name="updateSession_Success" classname="com.ragchat.service.ChatSessionServiceTest" time="0.004">
    <system-out><![CDATA[2025-12-12 02:40:55 [main] INFO  c.ragchat.service.ChatSessionService - Updating session with ID: 2bfd5591-6e13-4d96-bbd3-22bed2f3b0b5
2025-12-12 02:40:55 [main] DEBUG c.ragchat.service.ChatSessionService - Updated session title to: Updated Title
2025-12-12 02:40:55 [main] DEBUG c.ragchat.service.ChatSessionService - Updated session favorite status to: true
2025-12-12 02:40:55 [main] INFO  c.ragchat.service.ChatSessionService - Session 2bfd5591-6e13-4d96-bbd3-22bed2f3b0b5 updated successfully
]]></system-out>
  </testcase>
  <testcase name="deleteSession_NotFound" classname="com.ragchat.service.ChatSessionServiceTest" time="0.001">
    <system-out><![CDATA[2025-12-12 02:40:55 [main] INFO  c.ragchat.service.ChatSessionService - Deleting session with ID: a146ad03-fba3-498e-8fea-433aca2d6f74
]]></system-out>
  </testcase>
  <testcase name="toggleFavorite_Success" classname="com.ragchat.service.ChatSessionServiceTest" time="0.001">
    <system-out><![CDATA[2025-12-12 02:40:55 [main] INFO  c.ragchat.service.ChatSessionService - Toggling favorite status for session: 1f6b2356-8842-4a62-8167-7bf4a9dfe767
2025-12-12 02:40:55 [main] INFO  c.ragchat.service.ChatSessionService - Session 1f6b2356-8842-4a62-8167-7bf4a9dfe767 favorite status toggled to: true
]]></system-out>
  </testcase>
  <testcase name="renameSession_EmptyTitle" classname="com.ragchat.service.ChatSessionServiceTest" time="0.001">
    <system-out><![CDATA[2025-12-12 02:40:55 [main] INFO  c.ragchat.service.ChatSessionService - Renaming session 211bdf4f-441d-429e-927c-d331f4280708 to: 
]]></system-out>
  </testcase>
  <testcase name="getSession_NotFound" classname="com.ragchat.service.ChatSessionServiceTest" time="0.001">
    <system-out><![CDATA[2025-12-12 02:40:55 [main] DEBUG c.ragchat.service.ChatSessionService - Fetching session with ID: 5ff7ef94-0716-4e9c-bb32-6575edb94d59
]]></system-out>
  </testcase>
  <testcase name="getSession_Success" classname="com.ragchat.service.ChatSessionServiceTest" time="0.003">
    <system-out><![CDATA[2025-12-12 02:40:55 [main] DEBUG c.ragchat.service.ChatSessionService - Fetching session with ID: 1751be54-0a86-4870-93a7-a6f9a19e5244
]]></system-out>
  </testcase>
  <testcase name="deleteSession_Success" classname="com.ragchat.service.ChatSessionServiceTest" time="0.001">
    <system-out><![CDATA[2025-12-12 02:40:55 [main] INFO  c.ragchat.service.ChatSessionService - Deleting session with ID: cce58855-e3e9-46f8-85a7-190b4f1c5ced
2025-12-12 02:40:55 [main] INFO  c.ragchat.service.ChatSessionService - Session cce58855-e3e9-46f8-85a7-190b4f1c5ced and associated messages deleted successfully
]]></system-out>
  </testcase>
  <testcase name="createSession_Success" classname="com.ragchat.service.ChatSessionServiceTest" time="0.002">
    <system-out><![CDATA[2025-12-12 02:40:55 [main] INFO  c.ragchat.service.ChatSessionService - Creating new chat session for user: user-123
2025-12-12 02:40:55 [main] INFO  c.ragchat.service.ChatSessionService - Created chat session with ID: 9f0824b8-45eb-472e-8146-fdd9928ccd44
]]></system-out>
  </testcase>
  <testcase name="renameSession_Success" classname="com.ragchat.service.ChatSessionServiceTest" time="0.001">
    <system-out><![CDATA[2025-12-12 02:40:55 [main] INFO  c.ragchat.service.ChatSessionService - Renaming session 144bcab9-1426-4145-95ee-94f3ad74698a to: New Title
2025-12-12 02:40:55 [main] INFO  c.ragchat.service.ChatSessionService - Session 144bcab9-1426-4145-95ee-94f3ad74698a renamed successfully
]]></system-out>
  </testcase>
  <testcase name="getSessionsByUser_Success" classname="com.ragchat.service.ChatSessionServiceTest" time="0.002">
    <system-out><![CDATA[2025-12-12 02:40:55 [main] DEBUG c.ragchat.service.ChatSessionService - Fetching sessions for user: user-123
]]></system-out>
  </testcase>
</testsuite>